2025/04/22 17:38:10 [notice] 1#1: using the "epoll" event method
2025/04/22 17:38:10 [notice] 1#1: nginx/1.21.6
2025/04/22 17:38:10 [notice] 1#1: built by gcc 10.2.1 20210110 (Debian 10.2.1-6) 
2025/04/22 17:38:10 [notice] 1#1: OS: Linux 5.15.167.4-microsoft-standard-WSL2
2025/04/22 17:38:10 [notice] 1#1: getrlimit(RLIMIT_NOFILE): 1048576:1048576
2025/04/22 17:38:10 [notice] 1#1: start worker processes
2025/04/22 17:38:10 [notice] 1#1: start worker process 30
2025/04/22 17:38:10 [notice] 1#1: start worker process 31
2025/04/22 17:38:10 [notice] 1#1: start worker process 32
2025/04/22 17:38:10 [notice] 1#1: start worker process 33
2025/04/22 17:38:10 [notice] 1#1: start worker process 34
2025/04/22 17:38:10 [notice] 1#1: start worker process 35
2025/04/22 17:38:10 [notice] 1#1: start worker process 36
2025/04/22 17:38:10 [notice] 1#1: start worker process 37
2025/04/22 17:38:10 [notice] 1#1: start worker process 38
2025/04/22 17:38:10 [notice] 1#1: start worker process 39
2025/04/22 17:38:10 [notice] 1#1: start worker process 40
2025/04/22 17:38:10 [notice] 1#1: start worker process 41
2025/04/22 17:38:39 [notice] 1#1: signal 3 (SIGQUIT) received, shutting down
2025/04/22 17:38:39 [notice] 30#30: gracefully shutting down
2025/04/22 17:38:39 [notice] 31#31: gracefully shutting down
2025/04/22 17:38:39 [notice] 32#32: gracefully shutting down
2025/04/22 17:38:39 [notice] 35#35: gracefully shutting down
2025/04/22 17:38:39 [notice] 34#34: gracefully shutting down
2025/04/22 17:38:39 [notice] 37#37: gracefully shutting down
2025/04/22 17:38:39 [notice] 36#36: gracefully shutting down
2025/04/22 17:38:39 [notice] 33#33: gracefully shutting down
2025/04/22 17:38:39 [notice] 39#39: gracefully shutting down
2025/04/22 17:38:39 [notice] 41#41: gracefully shutting down
2025/04/22 17:38:39 [notice] 41#41: exiting
2025/04/22 17:38:39 [notice] 38#38: gracefully shutting down
2025/04/22 17:38:39 [notice] 40#40: gracefully shutting down
2025/04/22 17:38:39 [notice] 30#30: exiting
2025/04/22 17:38:39 [notice] 31#31: exiting
2025/04/22 17:38:39 [notice] 32#32: exiting
2025/04/22 17:38:39 [notice] 35#35: exiting
2025/04/22 17:38:39 [notice] 34#34: exiting
2025/04/22 17:38:39 [notice] 35#35: exit
2025/04/22 17:38:39 [notice] 37#37: exiting
2025/04/22 17:38:39 [notice] 36#36: exiting
2025/04/22 17:38:39 [notice] 33#33: exiting
2025/04/22 17:38:39 [notice] 39#39: exiting
2025/04/22 17:38:39 [notice] 41#41: exit
2025/04/22 17:38:39 [notice] 38#38: exiting
2025/04/22 17:38:39 [notice] 40#40: exiting
2025/04/22 17:38:39 [notice] 30#30: exit
2025/04/22 17:38:39 [notice] 31#31: exit
2025/04/22 17:38:39 [notice] 32#32: exit
2025/04/22 17:38:39 [notice] 34#34: exit
2025/04/22 17:38:39 [notice] 37#37: exit
2025/04/22 17:38:39 [notice] 36#36: exit
2025/04/22 17:38:39 [notice] 33#33: exit
2025/04/22 17:38:39 [notice] 39#39: exit
2025/04/22 17:38:39 [notice] 38#38: exit
2025/04/22 17:38:39 [notice] 40#40: exit
2025/04/22 17:38:39 [notice] 1#1: signal 17 (SIGCHLD) received from 39
2025/04/22 17:38:39 [notice] 1#1: worker process 30 exited with code 0
2025/04/22 17:38:39 [notice] 1#1: worker process 34 exited with code 0
2025/04/22 17:38:39 [notice] 1#1: worker process 35 exited with code 0
2025/04/22 17:38:39 [notice] 1#1: worker process 37 exited with code 0
2025/04/22 17:38:39 [notice] 1#1: worker process 38 exited with code 0
2025/04/22 17:38:39 [notice] 1#1: worker process 39 exited with code 0
2025/04/22 17:38:39 [notice] 1#1: worker process 40 exited with code 0
2025/04/22 17:38:39 [notice] 1#1: signal 29 (SIGIO) received
2025/04/22 17:38:39 [notice] 1#1: signal 17 (SIGCHLD) received from 32
2025/04/22 17:38:39 [notice] 1#1: worker process 31 exited with code 0
2025/04/22 17:38:39 [notice] 1#1: worker process 32 exited with code 0
2025/04/22 17:38:39 [notice] 1#1: worker process 33 exited with code 0
2025/04/22 17:38:39 [notice] 1#1: signal 29 (SIGIO) received
2025/04/22 17:38:39 [notice] 1#1: signal 17 (SIGCHLD) received from 36
2025/04/22 17:38:39 [notice] 1#1: worker process 36 exited with code 0
2025/04/22 17:38:39 [notice] 1#1: signal 29 (SIGIO) received
2025/04/22 17:38:39 [notice] 1#1: signal 17 (SIGCHLD) received from 41
2025/04/22 17:38:39 [notice] 1#1: worker process 41 exited with code 0
2025/04/22 17:38:39 [notice] 1#1: exit
2025/04/22 17:39:06 [notice] 1#1: using the "epoll" event method
2025/04/22 17:39:06 [notice] 1#1: nginx/1.21.6
2025/04/22 17:39:06 [notice] 1#1: built by gcc 10.2.1 20210110 (Debian 10.2.1-6) 
2025/04/22 17:39:06 [notice] 1#1: OS: Linux 5.15.167.4-microsoft-standard-WSL2
2025/04/22 17:39:06 [notice] 1#1: getrlimit(RLIMIT_NOFILE): 1048576:1048576
2025/04/22 17:39:06 [notice] 1#1: start worker processes
2025/04/22 17:39:06 [notice] 1#1: start worker process 30
2025/04/22 17:39:06 [notice] 1#1: start worker process 31
2025/04/22 17:39:06 [notice] 1#1: start worker process 32
2025/04/22 17:39:06 [notice] 1#1: start worker process 33
2025/04/22 17:39:06 [notice] 1#1: start worker process 34
2025/04/22 17:39:06 [notice] 1#1: start worker process 35
2025/04/22 17:39:06 [notice] 1#1: start worker process 36
2025/04/22 17:39:06 [notice] 1#1: start worker process 37
2025/04/22 17:39:06 [notice] 1#1: start worker process 38
2025/04/22 17:39:06 [notice] 1#1: start worker process 39
2025/04/22 17:39:06 [notice] 1#1: start worker process 40
2025/04/22 17:39:06 [notice] 1#1: start worker process 41
2025/04/22 17:39:40 [notice] 1#1: signal 3 (SIGQUIT) received, shutting down
2025/04/22 17:39:40 [notice] 32#32: gracefully shutting down
2025/04/22 17:39:40 [notice] 41#41: gracefully shutting down
2025/04/22 17:39:40 [notice] 31#31: gracefully shutting down
2025/04/22 17:39:40 [notice] 30#30: gracefully shutting down
2025/04/22 17:39:40 [notice] 33#33: gracefully shutting down
2025/04/22 17:39:40 [notice] 35#35: gracefully shutting down
2025/04/22 17:39:40 [notice] 36#36: gracefully shutting down
2025/04/22 17:39:40 [notice] 34#34: gracefully shutting down
2025/04/22 17:39:40 [notice] 38#38: gracefully shutting down
2025/04/22 17:39:40 [notice] 37#37: gracefully shutting down
2025/04/22 17:39:40 [notice] 40#40: gracefully shutting down
2025/04/22 17:39:40 [notice] 39#39: gracefully shutting down
2025/04/22 17:39:40 [notice] 32#32: exiting
2025/04/22 17:39:40 [notice] 41#41: exiting
2025/04/22 17:39:40 [notice] 30#30: exiting
2025/04/22 17:39:40 [notice] 33#33: exiting
2025/04/22 17:39:40 [notice] 35#35: exiting
2025/04/22 17:39:40 [notice] 36#36: exiting
2025/04/22 17:39:40 [notice] 38#38: exiting
2025/04/22 17:39:40 [notice] 34#34: exiting
2025/04/22 17:39:40 [notice] 37#37: exiting
2025/04/22 17:39:40 [notice] 40#40: exiting
2025/04/22 17:39:40 [notice] 32#32: exit
2025/04/22 17:39:40 [notice] 40#40: exit
2025/04/22 17:39:40 [notice] 39#39: exiting
2025/04/22 17:39:40 [notice] 41#41: exit
2025/04/22 17:39:40 [notice] 30#30: exit
2025/04/22 17:39:40 [notice] 33#33: exit
2025/04/22 17:39:40 [notice] 35#35: exit
2025/04/22 17:39:40 [notice] 36#36: exit
2025/04/22 17:39:40 [notice] 38#38: exit
2025/04/22 17:39:40 [notice] 34#34: exit
2025/04/22 17:39:40 [notice] 37#37: exit
2025/04/22 17:39:40 [notice] 39#39: exit
2025/04/22 17:39:40 [notice] 1#1: signal 17 (SIGCHLD) received from 40
2025/04/22 17:39:40 [notice] 1#1: worker process 30 exited with code 0
2025/04/22 17:39:40 [notice] 1#1: worker process 32 exited with code 0
2025/04/22 17:39:40 [notice] 1#1: worker process 33 exited with code 0
2025/04/22 17:39:40 [notice] 1#1: worker process 35 exited with code 0
2025/04/22 17:39:40 [notice] 1#1: worker process 36 exited with code 0
2025/04/22 17:39:40 [notice] 1#1: worker process 37 exited with code 0
2025/04/22 17:39:40 [notice] 1#1: worker process 39 exited with code 0
2025/04/22 17:39:40 [notice] 1#1: worker process 40 exited with code 0
2025/04/22 17:39:40 [notice] 1#1: worker process 41 exited with code 0
2025/04/22 17:39:40 [notice] 1#1: signal 29 (SIGIO) received
2025/04/22 17:39:40 [notice] 1#1: signal 17 (SIGCHLD) received from 30
2025/04/22 17:39:40 [notice] 1#1: signal 17 (SIGCHLD) received from 38
2025/04/22 17:39:40 [notice] 1#1: worker process 38 exited with code 0
2025/04/22 17:39:40 [notice] 1#1: signal 29 (SIGIO) received
2025/04/22 17:39:40 [notice] 1#1: signal 17 (SIGCHLD) received from 34
2025/04/22 17:39:40 [notice] 1#1: worker process 34 exited with code 0
2025/04/22 17:39:40 [notice] 1#1: signal 29 (SIGIO) received
2025/04/22 17:40:17 [emerg] 1#1: host not found in upstream "red-app:80" in /etc/nginx/conf.d/default.conf:28
2025/04/22 18:03:07 [notice] 1#1: using the "epoll" event method
2025/04/22 18:03:07 [notice] 1#1: nginx/1.21.6
2025/04/22 18:03:07 [notice] 1#1: built by gcc 10.2.1 20210110 (Debian 10.2.1-6) 
2025/04/22 18:03:07 [notice] 1#1: OS: Linux 5.15.167.4-microsoft-standard-WSL2
2025/04/22 18:03:07 [notice] 1#1: getrlimit(RLIMIT_NOFILE): 1048576:1048576
2025/04/22 18:03:07 [notice] 1#1: start worker processes
2025/04/22 18:03:07 [notice] 1#1: start worker process 30
2025/04/22 18:03:07 [notice] 1#1: start worker process 31
2025/04/22 18:03:07 [notice] 1#1: start worker process 32
2025/04/22 18:03:07 [notice] 1#1: start worker process 33
2025/04/22 18:03:07 [notice] 1#1: start worker process 34
2025/04/22 18:03:07 [notice] 1#1: start worker process 35
2025/04/22 18:03:07 [notice] 1#1: start worker process 36
2025/04/22 18:03:07 [notice] 1#1: start worker process 37
2025/04/22 18:03:07 [notice] 1#1: start worker process 38
2025/04/22 18:03:07 [notice] 1#1: start worker process 39
2025/04/22 18:03:07 [notice] 1#1: start worker process 40
2025/04/22 18:03:07 [notice] 1#1: start worker process 41
2025/04/22 18:03:57 [notice] 1#1: signal 3 (SIGQUIT) received, shutting down
2025/04/22 18:03:57 [notice] 31#31: gracefully shutting down
2025/04/22 18:03:57 [notice] 30#30: gracefully shutting down
2025/04/22 18:03:57 [notice] 34#34: gracefully shutting down
2025/04/22 18:03:57 [notice] 33#33: gracefully shutting down
2025/04/22 18:03:57 [notice] 32#32: gracefully shutting down
2025/04/22 18:03:57 [notice] 36#36: gracefully shutting down
2025/04/22 18:03:57 [notice] 38#38: gracefully shutting down
2025/04/22 18:03:57 [notice] 38#38: exiting
2025/04/22 18:03:57 [notice] 40#40: gracefully shutting down
2025/04/22 18:03:57 [notice] 41#41: gracefully shutting down
2025/04/22 18:03:57 [notice] 35#35: gracefully shutting down
2025/04/22 18:03:57 [notice] 39#39: gracefully shutting down
2025/04/22 18:03:57 [notice] 37#37: gracefully shutting down
2025/04/22 18:03:57 [notice] 30#30: exiting
2025/04/22 18:03:57 [notice] 34#34: exiting
2025/04/22 18:03:57 [notice] 33#33: exiting
2025/04/22 18:03:57 [notice] 36#36: exiting
2025/04/22 18:03:57 [notice] 32#32: exiting
2025/04/22 18:03:57 [notice] 38#38: exit
2025/04/22 18:03:57 [notice] 40#40: exiting
2025/04/22 18:03:57 [notice] 41#41: exiting
2025/04/22 18:03:57 [notice] 35#35: exiting
2025/04/22 18:03:57 [notice] 37#37: exiting
2025/04/22 18:03:57 [notice] 39#39: exiting
2025/04/22 18:03:57 [notice] 30#30: exit
2025/04/22 18:03:57 [notice] 34#34: exit
2025/04/22 18:03:57 [notice] 33#33: exit
2025/04/22 18:03:57 [notice] 36#36: exit
2025/04/22 18:03:57 [notice] 32#32: exit
2025/04/22 18:03:57 [notice] 40#40: exit
2025/04/22 18:03:57 [notice] 41#41: exit
2025/04/22 18:03:57 [notice] 35#35: exit
2025/04/22 18:03:57 [notice] 37#37: exit
2025/04/22 18:03:57 [notice] 39#39: exit
2025/04/22 18:03:57 [notice] 1#1: signal 17 (SIGCHLD) received from 33
2025/04/22 18:03:57 [notice] 1#1: worker process 33 exited with code 0
2025/04/22 18:03:57 [notice] 1#1: worker process 35 exited with code 0
2025/04/22 18:03:57 [notice] 1#1: signal 29 (SIGIO) received
2025/04/22 18:03:57 [notice] 1#1: signal 17 (SIGCHLD) received from 40
2025/04/22 18:03:57 [notice] 1#1: worker process 30 exited with code 0
2025/04/22 18:03:57 [notice] 1#1: worker process 40 exited with code 0
2025/04/22 18:03:57 [notice] 1#1: signal 29 (SIGIO) received
2025/04/22 18:03:57 [notice] 1#1: signal 17 (SIGCHLD) received from 41
2025/04/22 18:03:57 [notice] 1#1: worker process 34 exited with code 0
2025/04/22 18:03:57 [notice] 1#1: worker process 36 exited with code 0
2025/04/22 18:03:57 [notice] 1#1: worker process 37 exited with code 0
2025/04/22 18:03:57 [notice] 1#1: worker process 38 exited with code 0
2025/04/22 18:03:57 [notice] 1#1: worker process 41 exited with code 0
2025/04/22 18:03:57 [notice] 1#1: signal 29 (SIGIO) received
2025/04/22 18:03:57 [notice] 1#1: signal 17 (SIGCHLD) received from 32
2025/04/22 18:03:57 [notice] 1#1: worker process 32 exited with code 0
2025/04/22 18:03:57 [notice] 1#1: worker process 39 exited with code 0
2025/04/22 18:03:57 [notice] 1#1: signal 29 (SIGIO) received
2025/04/22 18:03:57 [notice] 1#1: signal 17 (SIGCHLD) received from 39
2025/04/22 18:04:35 [notice] 1#1: using the "epoll" event method
2025/04/22 18:04:35 [notice] 1#1: nginx/1.21.6
2025/04/22 18:04:35 [notice] 1#1: built by gcc 10.2.1 20210110 (Debian 10.2.1-6) 
2025/04/22 18:04:35 [notice] 1#1: OS: Linux 5.15.167.4-microsoft-standard-WSL2
2025/04/22 18:04:35 [notice] 1#1: getrlimit(RLIMIT_NOFILE): 1048576:1048576
2025/04/22 18:04:35 [notice] 1#1: start worker processes
2025/04/22 18:04:35 [notice] 1#1: start worker process 30
2025/04/22 18:04:35 [notice] 1#1: start worker process 31
2025/04/22 18:04:35 [notice] 1#1: start worker process 32
2025/04/22 18:04:35 [notice] 1#1: start worker process 33
2025/04/22 18:04:35 [notice] 1#1: start worker process 34
2025/04/22 18:04:35 [notice] 1#1: start worker process 35
2025/04/22 18:04:35 [notice] 1#1: start worker process 36
2025/04/22 18:04:35 [notice] 1#1: start worker process 37
2025/04/22 18:04:35 [notice] 1#1: start worker process 38
2025/04/22 18:04:35 [notice] 1#1: start worker process 39
2025/04/22 18:04:35 [notice] 1#1: start worker process 40
2025/04/22 18:04:35 [notice] 1#1: start worker process 41
2025/04/22 18:05:06 [notice] 1#1: signal 3 (SIGQUIT) received, shutting down
2025/04/22 18:05:06 [notice] 31#31: gracefully shutting down
2025/04/22 18:05:06 [notice] 37#37: gracefully shutting down
2025/04/22 18:05:06 [notice] 30#30: gracefully shutting down
2025/04/22 18:05:06 [notice] 32#32: gracefully shutting down
2025/04/22 18:05:06 [notice] 33#33: gracefully shutting down
2025/04/22 18:05:06 [notice] 38#38: gracefully shutting down
2025/04/22 18:05:06 [notice] 36#36: gracefully shutting down
2025/04/22 18:05:06 [notice] 36#36: exiting
2025/04/22 18:05:06 [notice] 35#35: gracefully shutting down
2025/04/22 18:05:06 [notice] 39#39: gracefully shutting down
2025/04/22 18:05:06 [notice] 34#34: gracefully shutting down
2025/04/22 18:05:06 [notice] 41#41: gracefully shutting down
2025/04/22 18:05:06 [notice] 40#40: gracefully shutting down
2025/04/22 18:05:06 [notice] 37#37: exiting
2025/04/22 18:05:06 [notice] 32#32: exiting
2025/04/22 18:05:06 [notice] 30#30: exiting
2025/04/22 18:05:06 [notice] 30#30: exit
2025/04/22 18:05:06 [notice] 33#33: exiting
2025/04/22 18:05:06 [notice] 33#33: exit
2025/04/22 18:05:06 [notice] 38#38: exiting
2025/04/22 18:05:06 [notice] 36#36: exit
2025/04/22 18:05:06 [notice] 35#35: exiting
2025/04/22 18:05:06 [notice] 39#39: exiting
2025/04/22 18:05:06 [notice] 34#34: exiting
2025/04/22 18:05:06 [notice] 41#41: exiting
2025/04/22 18:05:06 [notice] 40#40: exiting
2025/04/22 18:05:06 [notice] 37#37: exit
2025/04/22 18:05:06 [notice] 32#32: exit
2025/04/22 18:05:06 [notice] 38#38: exit
2025/04/22 18:05:06 [notice] 35#35: exit
2025/04/22 18:05:06 [notice] 39#39: exit
2025/04/22 18:05:06 [notice] 34#34: exit
2025/04/22 18:05:06 [notice] 41#41: exit
2025/04/22 18:05:06 [notice] 40#40: exit
2025/04/22 18:05:06 [notice] 1#1: signal 17 (SIGCHLD) received from 30
2025/04/22 18:05:06 [notice] 1#1: worker process 30 exited with code 0
2025/04/22 18:05:06 [notice] 1#1: worker process 41 exited with code 0
2025/04/22 18:05:06 [notice] 1#1: signal 29 (SIGIO) received
2025/04/22 18:05:06 [notice] 1#1: signal 17 (SIGCHLD) received from 41
2025/04/22 18:05:06 [notice] 1#1: signal 17 (SIGCHLD) received from 32
2025/04/22 18:05:06 [notice] 1#1: worker process 32 exited with code 0
2025/04/22 18:05:06 [notice] 1#1: worker process 35 exited with code 0
2025/04/22 18:05:06 [notice] 1#1: worker process 39 exited with code 0
2025/04/22 18:05:06 [notice] 1#1: signal 29 (SIGIO) received
2025/04/22 18:05:06 [notice] 1#1: signal 17 (SIGCHLD) received from 39
2025/04/22 18:05:06 [notice] 1#1: signal 17 (SIGCHLD) received from 33
2025/04/22 18:05:06 [notice] 1#1: worker process 33 exited with code 0
2025/04/22 18:05:06 [notice] 1#1: signal 29 (SIGIO) received
2025/04/22 18:05:06 [notice] 1#1: signal 17 (SIGCHLD) received from 36
2025/04/22 18:05:06 [notice] 1#1: worker process 36 exited with code 0
2025/04/22 18:05:06 [notice] 1#1: worker process 38 exited with code 0
2025/04/22 18:05:06 [notice] 1#1: worker process 40 exited with code 0
2025/04/22 18:05:06 [notice] 1#1: signal 29 (SIGIO) received
2025/04/22 18:05:06 [notice] 1#1: signal 17 (SIGCHLD) received from 34
2025/04/22 18:05:06 [notice] 1#1: worker process 34 exited with code 0
2025/04/22 18:05:06 [notice] 1#1: signal 29 (SIGIO) received
2025/04/22 18:05:06 [notice] 1#1: signal 17 (SIGCHLD) received from 37
2025/04/22 18:05:06 [notice] 1#1: worker process 37 exited with code 0
2025/04/22 18:05:06 [notice] 1#1: signal 29 (SIGIO) received
2025/04/22 18:05:48 [notice] 1#1: using the "epoll" event method
2025/04/22 18:05:48 [notice] 1#1: nginx/1.21.6
2025/04/22 18:05:48 [notice] 1#1: built by gcc 10.2.1 20210110 (Debian 10.2.1-6) 
2025/04/22 18:05:48 [notice] 1#1: OS: Linux 5.15.167.4-microsoft-standard-WSL2
2025/04/22 18:05:48 [notice] 1#1: getrlimit(RLIMIT_NOFILE): 1048576:1048576
2025/04/22 18:05:48 [notice] 1#1: start worker processes
2025/04/22 18:05:48 [notice] 1#1: start worker process 30
2025/04/22 18:05:48 [notice] 1#1: start worker process 31
2025/04/22 18:05:48 [notice] 1#1: start worker process 32
2025/04/22 18:05:48 [notice] 1#1: start worker process 33
2025/04/22 18:05:48 [notice] 1#1: start worker process 34
2025/04/22 18:05:48 [notice] 1#1: start worker process 35
2025/04/22 18:05:48 [notice] 1#1: start worker process 36
2025/04/22 18:05:48 [notice] 1#1: start worker process 37
2025/04/22 18:05:48 [notice] 1#1: start worker process 38
2025/04/22 18:05:48 [notice] 1#1: start worker process 39
2025/04/22 18:05:48 [notice] 1#1: start worker process 40
2025/04/22 18:05:48 [notice] 1#1: start worker process 41
2025/04/22 18:07:26 [notice] 1#1: signal 3 (SIGQUIT) received, shutting down
2025/04/22 18:07:26 [notice] 30#30: gracefully shutting down
2025/04/22 18:07:26 [notice] 37#37: gracefully shutting down
2025/04/22 18:07:26 [notice] 31#31: gracefully shutting down
2025/04/22 18:07:26 [notice] 32#32: gracefully shutting down
2025/04/22 18:07:26 [notice] 34#34: gracefully shutting down
2025/04/22 18:07:26 [notice] 33#33: gracefully shutting down
2025/04/22 18:07:26 [notice] 35#35: gracefully shutting down
2025/04/22 18:07:26 [notice] 36#36: gracefully shutting down
2025/04/22 18:07:26 [notice] 38#38: gracefully shutting down
2025/04/22 18:07:26 [notice] 40#40: gracefully shutting down
2025/04/22 18:07:26 [notice] 39#39: gracefully shutting down
2025/04/22 18:07:26 [notice] 41#41: gracefully shutting down
2025/04/22 18:07:26 [notice] 30#30: exiting
2025/04/22 18:07:26 [notice] 37#37: exiting
2025/04/22 18:07:26 [notice] 31#31: exiting
2025/04/22 18:07:26 [notice] 32#32: exiting
2025/04/22 18:07:26 [notice] 34#34: exiting
2025/04/22 18:07:26 [notice] 34#34: exit
2025/04/22 18:07:26 [notice] 33#33: exiting
2025/04/22 18:07:26 [notice] 35#35: exiting
2025/04/22 18:07:26 [notice] 36#36: exiting
2025/04/22 18:07:26 [notice] 38#38: exiting
2025/04/22 18:07:26 [notice] 40#40: exiting
2025/04/22 18:07:26 [notice] 39#39: exiting
2025/04/22 18:07:26 [notice] 41#41: exiting
2025/04/22 18:07:26 [notice] 30#30: exit
2025/04/22 18:07:26 [notice] 37#37: exit
2025/04/22 18:07:26 [notice] 31#31: exit
2025/04/22 18:07:26 [notice] 32#32: exit
2025/04/22 18:07:26 [notice] 33#33: exit
2025/04/22 18:07:26 [notice] 35#35: exit
2025/04/22 18:07:26 [notice] 36#36: exit
2025/04/22 18:07:26 [notice] 38#38: exit
2025/04/22 18:07:26 [notice] 40#40: exit
2025/04/22 18:07:26 [notice] 39#39: exit
2025/04/22 18:07:26 [notice] 41#41: exit
2025/04/22 18:07:26 [notice] 1#1: signal 17 (SIGCHLD) received from 37
2025/04/22 18:07:26 [notice] 1#1: worker process 37 exited with code 0
2025/04/22 18:07:26 [notice] 1#1: signal 29 (SIGIO) received
2025/04/22 18:07:26 [notice] 1#1: signal 17 (SIGCHLD) received from 35
2025/04/22 18:07:26 [notice] 1#1: worker process 35 exited with code 0
2025/04/22 18:07:26 [notice] 1#1: signal 29 (SIGIO) received
2025/04/22 18:07:26 [notice] 1#1: signal 17 (SIGCHLD) received from 30
2025/04/22 18:07:26 [notice] 1#1: worker process 30 exited with code 0
2025/04/22 18:07:26 [notice] 1#1: worker process 32 exited with code 0
2025/04/22 18:07:26 [notice] 1#1: worker process 39 exited with code 0
2025/04/22 18:07:26 [notice] 1#1: signal 29 (SIGIO) received
2025/04/22 18:07:26 [notice] 1#1: signal 17 (SIGCHLD) received from 31
2025/04/22 18:07:26 [notice] 1#1: worker process 31 exited with code 0
2025/04/22 18:07:26 [notice] 1#1: worker process 40 exited with code 0
2025/04/22 18:07:26 [notice] 1#1: signal 29 (SIGIO) received
2025/04/22 18:07:26 [notice] 1#1: signal 17 (SIGCHLD) received from 34
2025/04/22 18:07:26 [notice] 1#1: worker process 33 exited with code 0
2025/04/22 18:07:26 [notice] 1#1: worker process 34 exited with code 0
2025/04/22 18:07:26 [notice] 1#1: worker process 38 exited with code 0
2025/04/22 18:07:26 [notice] 1#1: signal 29 (SIGIO) received
2025/04/22 18:07:26 [notice] 1#1: signal 17 (SIGCHLD) received from 41
2025/04/22 18:07:26 [notice] 1#1: worker process 36 exited with code 0
2025/04/22 18:07:26 [notice] 1#1: worker process 41 exited with code 0
2025/04/22 18:07:26 [notice] 1#1: exit
2025/04/22 18:08:03 [notice] 1#1: using the "epoll" event method
2025/04/22 18:08:03 [notice] 1#1: nginx/1.21.6
2025/04/22 18:08:03 [notice] 1#1: built by gcc 10.2.1 20210110 (Debian 10.2.1-6) 
2025/04/22 18:08:03 [notice] 1#1: OS: Linux 5.15.167.4-microsoft-standard-WSL2
2025/04/22 18:08:03 [notice] 1#1: getrlimit(RLIMIT_NOFILE): 1048576:1048576
2025/04/22 18:08:03 [notice] 1#1: start worker processes
2025/04/22 18:08:03 [notice] 1#1: start worker process 30
2025/04/22 18:08:03 [notice] 1#1: start worker process 31
2025/04/22 18:08:03 [notice] 1#1: start worker process 32
2025/04/22 18:08:03 [notice] 1#1: start worker process 33
2025/04/22 18:08:03 [notice] 1#1: start worker process 34
2025/04/22 18:08:03 [notice] 1#1: start worker process 35
2025/04/22 18:08:03 [notice] 1#1: start worker process 36
2025/04/22 18:08:03 [notice] 1#1: start worker process 37
2025/04/22 18:08:03 [notice] 1#1: start worker process 38
2025/04/22 18:08:03 [notice] 1#1: start worker process 39
2025/04/22 18:08:03 [notice] 1#1: start worker process 40
2025/04/22 18:08:03 [notice] 1#1: start worker process 41
2025/04/22 18:08:31 [notice] 1#1: signal 3 (SIGQUIT) received, shutting down
2025/04/22 18:08:31 [notice] 30#30: gracefully shutting down
2025/04/22 18:08:31 [notice] 40#40: gracefully shutting down
2025/04/22 18:08:31 [notice] 31#31: gracefully shutting down
2025/04/22 18:08:31 [notice] 32#32: gracefully shutting down
2025/04/22 18:08:31 [notice] 33#33: gracefully shutting down
2025/04/22 18:08:31 [notice] 35#35: gracefully shutting down
2025/04/22 18:08:31 [notice] 36#36: gracefully shutting down
2025/04/22 18:08:31 [notice] 34#34: gracefully shutting down
2025/04/22 18:08:31 [notice] 38#38: gracefully shutting down
2025/04/22 18:08:31 [notice] 39#39: gracefully shutting down
2025/04/22 18:08:31 [notice] 37#37: gracefully shutting down
2025/04/22 18:08:31 [notice] 39#39: exiting
2025/04/22 18:08:31 [notice] 41#41: gracefully shutting down
2025/04/22 18:08:31 [notice] 30#30: exiting
2025/04/22 18:08:31 [notice] 40#40: exiting
2025/04/22 18:08:31 [notice] 32#32: exiting
2025/04/22 18:08:31 [notice] 33#33: exiting
2025/04/22 18:08:31 [notice] 33#33: exit
2025/04/22 18:08:31 [notice] 35#35: exiting
2025/04/22 18:08:31 [notice] 36#36: exiting
2025/04/22 18:08:31 [notice] 34#34: exiting
2025/04/22 18:08:31 [notice] 38#38: exiting
2025/04/22 18:08:31 [notice] 37#37: exiting
2025/04/22 18:08:31 [notice] 38#38: exit
2025/04/22 18:08:31 [notice] 39#39: exit
2025/04/22 18:08:31 [notice] 41#41: exiting
2025/04/22 18:08:31 [notice] 30#30: exit
2025/04/22 18:08:31 [notice] 40#40: exit
2025/04/22 18:08:31 [notice] 32#32: exit
2025/04/22 18:08:31 [notice] 35#35: exit
2025/04/22 18:08:31 [notice] 36#36: exit
2025/04/22 18:08:31 [notice] 34#34: exit
2025/04/22 18:08:31 [notice] 37#37: exit
2025/04/22 18:08:31 [notice] 41#41: exit
2025/04/22 18:08:31 [notice] 1#1: signal 17 (SIGCHLD) received from 37
2025/04/22 18:08:31 [notice] 1#1: worker process 32 exited with code 0
2025/04/22 18:08:31 [notice] 1#1: worker process 34 exited with code 0
2025/04/22 18:08:31 [notice] 1#1: worker process 35 exited with code 0
2025/04/22 18:08:31 [notice] 1#1: worker process 36 exited with code 0
2025/04/22 18:08:31 [notice] 1#1: worker process 37 exited with code 0
2025/04/22 18:08:31 [notice] 1#1: signal 29 (SIGIO) received
2025/04/22 18:08:31 [notice] 1#1: signal 17 (SIGCHLD) received from 34
2025/04/22 18:08:31 [notice] 1#1: signal 17 (SIGCHLD) received from 39
2025/04/22 18:08:31 [notice] 1#1: worker process 39 exited with code 0
2025/04/22 18:08:31 [notice] 1#1: worker process 40 exited with code 0
2025/04/22 18:08:31 [notice] 1#1: signal 29 (SIGIO) received
2025/04/22 18:08:31 [notice] 1#1: signal 17 (SIGCHLD) received from 33
2025/04/22 18:08:31 [notice] 1#1: worker process 33 exited with code 0
2025/04/22 18:08:31 [notice] 1#1: worker process 38 exited with code 0
2025/04/22 18:08:31 [notice] 1#1: signal 29 (SIGIO) received
2025/04/22 18:08:31 [notice] 1#1: signal 17 (SIGCHLD) received from 30
2025/04/22 18:08:31 [notice] 1#1: worker process 30 exited with code 0
2025/04/22 18:08:31 [notice] 1#1: signal 29 (SIGIO) received
2025/04/22 18:08:31 [notice] 1#1: signal 17 (SIGCHLD) received from 41
2025/04/22 18:08:31 [notice] 1#1: worker process 41 exited with code 0
2025/04/22 18:08:31 [notice] 1#1: signal 29 (SIGIO) received
2025/04/22 18:09:26 [notice] 1#1: using the "epoll" event method
2025/04/22 18:09:26 [notice] 1#1: nginx/1.21.6
2025/04/22 18:09:26 [notice] 1#1: built by gcc 10.2.1 20210110 (Debian 10.2.1-6) 
2025/04/22 18:09:26 [notice] 1#1: OS: Linux 5.15.167.4-microsoft-standard-WSL2
2025/04/22 18:09:26 [notice] 1#1: getrlimit(RLIMIT_NOFILE): 1048576:1048576
2025/04/22 18:09:26 [notice] 1#1: start worker processes
2025/04/22 18:09:26 [notice] 1#1: start worker process 30
2025/04/22 18:09:26 [notice] 1#1: start worker process 31
2025/04/22 18:09:26 [notice] 1#1: start worker process 32
2025/04/22 18:09:26 [notice] 1#1: start worker process 33
2025/04/22 18:09:26 [notice] 1#1: start worker process 34
2025/04/22 18:09:26 [notice] 1#1: start worker process 35
2025/04/22 18:09:26 [notice] 1#1: start worker process 36
2025/04/22 18:09:26 [notice] 1#1: start worker process 37
2025/04/22 18:09:26 [notice] 1#1: start worker process 38
2025/04/22 18:09:26 [notice] 1#1: start worker process 39
2025/04/22 18:09:26 [notice] 1#1: start worker process 40
2025/04/22 18:09:26 [notice] 1#1: start worker process 41
2025/04/22 18:10:00 [notice] 1#1: signal 3 (SIGQUIT) received, shutting down
2025/04/22 18:10:00 [notice] 30#30: gracefully shutting down
2025/04/22 18:10:00 [notice] 33#33: gracefully shutting down
2025/04/22 18:10:00 [notice] 34#34: gracefully shutting down
2025/04/22 18:10:00 [notice] 30#30: exiting
2025/04/22 18:10:00 [notice] 36#36: gracefully shutting down
2025/04/22 18:10:00 [notice] 37#37: gracefully shutting down
2025/04/22 18:10:00 [notice] 37#37: exiting
2025/04/22 18:10:00 [notice] 38#38: gracefully shutting down
2025/04/22 18:10:00 [notice] 32#32: gracefully shutting down
2025/04/22 18:10:00 [notice] 39#39: gracefully shutting down
2025/04/22 18:10:00 [notice] 40#40: gracefully shutting down
2025/04/22 18:10:00 [notice] 41#41: gracefully shutting down
2025/04/22 18:10:00 [notice] 31#31: gracefully shutting down
2025/04/22 18:10:00 [notice] 35#35: gracefully shutting down
2025/04/22 18:10:00 [notice] 33#33: exiting
2025/04/22 18:10:00 [notice] 34#34: exiting
2025/04/22 18:10:00 [notice] 30#30: exit
2025/04/22 18:10:00 [notice] 36#36: exiting
2025/04/22 18:10:00 [notice] 37#37: exit
2025/04/22 18:10:00 [notice] 38#38: exiting
2025/04/22 18:10:00 [notice] 32#32: exiting
2025/04/22 18:10:00 [notice] 39#39: exiting
2025/04/22 18:10:00 [notice] 40#40: exiting
2025/04/22 18:10:00 [notice] 41#41: exiting
2025/04/22 18:10:00 [notice] 31#31: exiting
2025/04/22 18:10:00 [notice] 35#35: exiting
2025/04/22 18:10:00 [notice] 33#33: exit
2025/04/22 18:10:00 [notice] 34#34: exit
2025/04/22 18:10:00 [notice] 36#36: exit
2025/04/22 18:10:00 [notice] 38#38: exit
2025/04/22 18:10:00 [notice] 32#32: exit
2025/04/22 18:10:00 [notice] 39#39: exit
2025/04/22 18:10:00 [notice] 40#40: exit
2025/04/22 18:10:00 [notice] 41#41: exit
2025/04/22 18:10:00 [notice] 31#31: exit
2025/04/22 18:10:00 [notice] 35#35: exit
2025/04/22 18:10:00 [notice] 1#1: signal 17 (SIGCHLD) received from 37
2025/04/22 18:10:00 [notice] 1#1: worker process 37 exited with code 0
2025/04/22 18:10:00 [notice] 1#1: signal 29 (SIGIO) received
2025/04/22 18:10:00 [notice] 1#1: signal 17 (SIGCHLD) received from 33
2025/04/22 18:10:00 [notice] 1#1: worker process 30 exited with code 0
2025/04/22 18:10:00 [notice] 1#1: worker process 31 exited with code 0
2025/04/22 18:10:00 [notice] 1#1: worker process 32 exited with code 0
2025/04/22 18:10:00 [notice] 1#1: worker process 33 exited with code 0
2025/04/22 18:10:00 [notice] 1#1: worker process 34 exited with code 0
2025/04/22 18:10:00 [notice] 1#1: worker process 35 exited with code 0
2025/04/22 18:10:00 [notice] 1#1: signal 29 (SIGIO) received
2025/04/22 18:10:00 [notice] 1#1: signal 17 (SIGCHLD) received from 30
2025/04/22 18:10:00 [notice] 1#1: signal 17 (SIGCHLD) received from 39
2025/04/22 18:10:00 [notice] 1#1: worker process 38 exited with code 0
2025/04/22 18:10:00 [notice] 1#1: worker process 39 exited with code 0
2025/04/22 18:10:00 [notice] 1#1: worker process 41 exited with code 0
2025/04/22 18:10:00 [notice] 1#1: signal 29 (SIGIO) received
2025/04/22 18:10:00 [notice] 1#1: signal 17 (SIGCHLD) received from 36
2025/04/22 18:10:00 [notice] 1#1: worker process 36 exited with code 0
2025/04/22 18:10:00 [notice] 1#1: worker process 40 exited with code 0
2025/04/22 18:10:00 [notice] 1#1: exit
